<?xml version="1.0" encoding="UTF-8"?>
<!-- Generated by org.testng.reporters.JUnitReportReporter -->
<testsuite hostname="NODE1965" failures="0" tests="2" name="com.automationexercise.tests.Subscription" time="13.691" errors="0" timestamp="2025-02-21T10:18:23 IST" skipped="0">
  <testcase classname="com.automationexercise.tests.Subscription" name="subscriptionVerify" time="7.481"/>
  <system-out/>
  <testcase classname="com.automationexercise.tests.Subscription" name="subscriptionVerify" time="6.210"/>
  <system-out/>
</testsuite> <!-- com.automationexercise.tests.Subscription -->
