<?xml version="1.0" encoding="UTF-8"?>
<!-- Generated by org.testng.reporters.JUnitReportReporter -->
<testsuite hostname="NODE1965" failures="0" tests="2" name="com.automationexercise.tests.AddReview" time="15.871" errors="0" timestamp="2025-03-01T22:34:00 IST" skipped="0">
  <testcase classname="com.automationexercise.tests.AddReview" name="addReview" time="7.617"/>
  <system-out/>
  <testcase classname="com.automationexercise.tests.AddReview" name="addReview" time="8.254"/>
  <system-out/>
</testsuite> <!-- com.automationexercise.tests.AddReview -->
