<?xml version="1.0" encoding="UTF-8"?>
<!-- Generated by org.testng.reporters.JUnitReportReporter -->
<testsuite hostname="NODE1965" failures="0" tests="1" name="com.automationexercise.tests.ExsistRegister" time="7.742" errors="0" timestamp="2025-03-01T22:34:00 IST" skipped="0">
  <testcase classname="com.automationexercise.tests.ExsistRegister" name="existUserRegisterChecking" time="7.742"/>
  <system-out/>
</testsuite> <!-- com.automationexercise.tests.ExsistRegister -->
