<?xml version="1.0" encoding="UTF-8"?>
<!-- Generated by org.testng.reporters.JUnitReportReporter -->
<testsuite hostname="NODE1965" failures="0" tests="2" name="com.automationexercise.tests.RegisterBeforeCheckout" time="387.776" errors="0" timestamp="2025-03-01T22:34:00 IST" skipped="0">
  <testcase classname="com.automationexercise.tests.RegisterBeforeCheckout" name="regiterBeforeCheckout" time="197.432"/>
  <system-out/>
  <testcase classname="com.automationexercise.tests.RegisterBeforeCheckout" name="regiterBeforeCheckout" time="190.344"/>
  <system-out/>
</testsuite> <!-- com.automationexercise.tests.RegisterBeforeCheckout -->
