<?xml version="1.0" encoding="UTF-8"?>
<!-- Generated by org.testng.reporters.JUnitReportReporter -->
<testsuite hostname="NODE1965" failures="0" tests="3" name="com.automationexercise.tests.ContactUsForm" time="39.673" errors="0" timestamp="2025-03-01T22:34:00 IST" skipped="0">
  <testcase classname="com.automationexercise.tests.ContactUsForm" name="contactUsForm" time="9.242"/>
  <system-out/>
  <testcase classname="com.automationexercise.tests.ContactUsForm" name="contactUsForm" time="24.080"/>
  <system-out/>
  <testcase classname="com.automationexercise.tests.ContactUsForm" name="contactUsForm" time="6.351"/>
  <system-out/>
</testsuite> <!-- com.automationexercise.tests.ContactUsForm -->
