<?xml version="1.0" encoding="UTF-8"?>
<!-- Generated by org.testng.reporters.JUnitReportReporter -->
<testsuite hostname="NODE1965" failures="0" tests="2" name="com.automationexercise.tests.DownloadInvoice" time="161.636" errors="0" timestamp="2025-03-01T22:34:00 IST" skipped="0">
  <testcase classname="com.automationexercise.tests.DownloadInvoice" name="downloadInvoice" time="79.562"/>
  <system-out/>
  <testcase classname="com.automationexercise.tests.DownloadInvoice" name="downloadInvoice" time="82.074"/>
  <system-out/>
</testsuite> <!-- com.automationexercise.tests.DownloadInvoice -->
