<?xml version="1.0" encoding="UTF-8"?>
<!-- Generated by org.testng.reporters.JUnitReportReporter -->
<testsuite hostname="NODE1965" failures="0" tests="2" name="com.automationexercise.tests.Login" time="25.097" errors="0" timestamp="2025-03-01T22:34:00 IST" skipped="0">
  <testcase classname="com.automationexercise.tests.Login" name="login" time="15.727"/>
  <system-out/>
  <testcase classname="com.automationexercise.tests.Login" name="login" time="9.370"/>
  <system-out/>
</testsuite> <!-- com.automationexercise.tests.Login -->
