<?xml version="1.0" encoding="UTF-8"?>
<!-- Generated by org.testng.reporters.JUnitReportReporter -->
<testsuite hostname="NODE1965" failures="0" tests="2" name="com.automationexercise.tests.SubscriptionHomePage" time="11.501" errors="0" timestamp="2025-03-01T22:34:00 IST" skipped="0">
  <testcase classname="com.automationexercise.tests.SubscriptionHomePage" name="subscriptionVerify" time="6.145"/>
  <system-out/>
  <testcase classname="com.automationexercise.tests.SubscriptionHomePage" name="subscriptionVerify" time="5.356"/>
  <system-out/>
</testsuite> <!-- com.automationexercise.tests.SubscriptionHomePage -->
