<?xml version="1.0" encoding="UTF-8"?>
<!-- Generated by org.testng.reporters.JUnitReportReporter -->
<testsuite hostname="NODE1965" failures="0" tests="2" name="com.automationexercise.tests.RegisterWhileCheckout" time="196.047" errors="0" timestamp="2025-03-01T22:34:00 IST" skipped="0">
  <testcase classname="com.automationexercise.tests.RegisterWhileCheckout" name="registerWhileCheckout" time="98.602"/>
  <system-out/>
  <testcase classname="com.automationexercise.tests.RegisterWhileCheckout" name="registerWhileCheckout" time="97.445"/>
  <system-out/>
</testsuite> <!-- com.automationexercise.tests.RegisterWhileCheckout -->
